C:\USERS\ALTIUM\DOCUMENTS\GITHUB\ONYXLOADER\ONYXLOADERWIN\RELEASE\ONYXLOADER.PCH
C:\USERS\ALTIUM\DOCUMENTS\GITHUB\ONYXLOADER\ONYXLOADERWIN\RELEASE\STDAFX.OBJ
C:\USERS\ALTIUM\DOCUMENTS\GITHUB\ONYXLOADER\ONYXLOADERWIN\RELEASE\VC110.PDB
C:\USERS\ALTIUM\DOCUMENTS\GITHUB\ONYXLOADER\ONYXLOADERWIN\RELEASE\STM32LD.OBJ
C:\USERS\ALTIUM\DOCUMENTS\GITHUB\ONYXLOADER\ONYXLOADERWIN\RELEASE\SERIAL_WIN32.OBJ
C:\USERS\ALTIUM\DOCUMENTS\GITHUB\ONYXLOADER\ONYXLOADERWIN\RELEASE\FORM1.OBJ
C:\USERS\ALTIUM\DOCUMENTS\GITHUB\ONYXLOADER\ONYXLOADERWIN\RELEASE\ASSEMBLYINFO.OBJ
C:\USERS\ALTIUM\DOCUMENTS\GITHUB\ONYXLOADER\ONYXLOADERWIN\RELEASE\ONYXLOADER.EXE
C:\USERS\ALTIUM\DOCUMENTS\GITHUB\ONYXLOADER\ONYXLOADERWIN\RELEASE\ONYXLOADER.PDB
C:\Users\altium\Documents\GitHub\onyxloader\OnyxLoaderWin\Release\TryUSB.Form1.resources
C:\USERS\ALTIUM\DOCUMENTS\GITHUB\ONYXLOADER\ONYXLOADERWIN\RELEASE\APP.RES
C:\Users\altium\Documents\GitHub\onyxloader\OnyxLoaderWin\Release\TryUSB.vcxproj.GenerateResource.Cache
C:\Users\altium\Documents\GitHub\onyxloader\OnyxLoaderWin\Release\AssemblyInfo.obj
C:\Users\altium\Documents\GitHub\onyxloader\OnyxLoaderWin\Release\Form1.obj
C:\Users\altium\Documents\GitHub\onyxloader\OnyxLoaderWin\Release\serial_win32.obj
C:\Users\altium\Documents\GitHub\onyxloader\OnyxLoaderWin\Release\stdafx.obj
C:\Users\altium\Documents\GitHub\onyxloader\OnyxLoaderWin\Release\stm32ld.obj
C:\Users\altium\Documents\GitHub\onyxloader\OnyxLoaderWin\Release\cl.command.1.tlog
C:\Users\altium\Documents\GitHub\onyxloader\OnyxLoaderWin\Release\CL.read.1.tlog
C:\Users\altium\Documents\GitHub\onyxloader\OnyxLoaderWin\Release\CL.write.1.tlog
C:\Users\altium\Documents\GitHub\onyxloader\OnyxLoaderWin\Release\link-cvtres.read.1.tlog
C:\Users\altium\Documents\GitHub\onyxloader\OnyxLoaderWin\Release\link-cvtres.write.1.tlog
C:\Users\altium\Documents\GitHub\onyxloader\OnyxLoaderWin\Release\link-rc.read.1.tlog
C:\Users\altium\Documents\GitHub\onyxloader\OnyxLoaderWin\Release\link-rc.write.1.tlog
C:\Users\altium\Documents\GitHub\onyxloader\OnyxLoaderWin\Release\link.command.1.tlog
C:\Users\altium\Documents\GitHub\onyxloader\OnyxLoaderWin\Release\link.read.1.tlog
C:\Users\altium\Documents\GitHub\onyxloader\OnyxLoaderWin\Release\link.write.1.tlog
C:\Users\altium\Documents\GitHub\onyxloader\OnyxLoaderWin\Release\metagen.read.1.tlog
C:\Users\altium\Documents\GitHub\onyxloader\OnyxLoaderWin\Release\metagen.write.1.tlog
C:\Users\altium\Documents\GitHub\onyxloader\OnyxLoaderWin\Release\OnyxLoader.write.1.tlog
C:\Users\altium\Documents\GitHub\onyxloader\OnyxLoaderWin\Release\rc.command.1.tlog
C:\Users\altium\Documents\GitHub\onyxloader\OnyxLoaderWin\Release\rc.read.1.tlog
C:\Users\altium\Documents\GitHub\onyxloader\OnyxLoaderWin\Release\rc.write.1.tlog
C:\Users\altium\Documents\GitHub\onyxloader\OnyxLoaderWin\Release\app.res
C:\Users\altium\Documents\GitHub\onyxloader\OnyxLoaderWin\Release\OnyxLoader.pch
C:\Users\altium\Documents\GitHub\onyxloader\OnyxLoaderWin\Release\OnyxLoader.pdb
C:\Users\altium\Documents\GitHub\onyxloader\OnyxLoaderWin\Release\vc110.pdb
C:\Users\altium\Documents\GitHub\onyxloader\OnyxLoaderWin\Release\OnyxLoader.exe.metagen
C:\Users\altium\Documents\GitHub\onyxloader\OnyxLoaderWin\Release\RSAENH.DLL.bi
C:\Users\altium\Documents\GitHub\onyxloader\OnyxLoaderWin\Release\TZRES.DLL.bi
C:\Users\altium\Documents\GitHub\onyxloader\OnyxLoaderWin\Release\OnyxLoader.exe
